<?xml version="1.0" encoding="UTF-8"?>
<!-- Generated by org.testng.reporters.JUnitXMLReporter -->
<testsuite ignored="2" hostname="DESKTOP-09FF6EP" failures="0" tests="2" name="grouping2" time="6.887" errors="0" timestamp="2025-09-19T13:25:10 IST">
  <testcase classname="test.Logintest" name="verifylogintestvalidcredentials" time="1.133"/>
  <testcase classname="test.Logintest" name="verifytestcredentialsusinginvalidusername" time="0.864"/>
  <testcase classname="test.Logintest" name="verifytestusinginvalidcredentials" time="0.0">
    <ignored/>
  </testcase> <!-- verifytestusinginvalidcredentials -->
  <testcase classname="test.Logintest" name="verifytestcredentialsusinginvalidpassword" time="0.0">
    <ignored/>
  </testcase> <!-- verifytestcredentialsusinginvalidpassword -->
</testsuite> <!-- grouping2 -->
