<?xml version="1.0" encoding="UTF-8"?>
<!-- Generated by org.testng.reporters.JUnitXMLReporter -->
<testsuite ignored="2" hostname="DESKTOP-09FF6EP" failures="0" tests="3" name="grouping1" time="14.492" errors="0" timestamp="2025-09-19T13:25:03 IST">
  <testcase classname="test.Logintest" name="verifylogintestvalidcredentials" time="2.883"/>
  <testcase classname="test.Logintest" name="verifytestcredentialsusinginvalidpassword" time="0.928"/>
  <testcase classname="test.Hometest" name="Verifyusercansuccessfullylogout" time="1.823"/>
  <testcase classname="test.Logintest" name="verifytestcredentialsusinginvalidusername" time="0.0">
    <ignored/>
  </testcase> <!-- verifytestcredentialsusinginvalidusername -->
  <testcase classname="test.Logintest" name="verifytestusinginvalidcredentials" time="0.0">
    <ignored/>
  </testcase> <!-- verifytestusinginvalidcredentials -->
</testsuite> <!-- grouping1 -->
