<?xml version="1.0" encoding="UTF-8"?>
<!-- Generated by org.testng.reporters.JUnitXMLReporter -->
<testsuite ignored="2" hostname="DESKTOP-09FF6EP" failures="0" tests="3" name="grouping" time="14.978" errors="0" timestamp="2025-09-19T13:19:35 IST">
  <testcase classname="test.Logintest" name="verifylogintestvalidcredentials" time="3.061"/>
  <testcase classname="test.Logintest" name="verifytestcredentialsusinginvalidpassword" time="0.855"/>
  <testcase classname="test.Hometest" name="Verifyusercansuccessfullylogout" time="1.742"/>
  <testcase classname="test.Logintest" name="verifytestcredentialsusinginvalidusername" time="0.0">
    <ignored/>
  </testcase> <!-- verifytestcredentialsusinginvalidusername -->
  <testcase classname="test.Logintest" name="verifytestusinginvalidcredentials" time="0.0">
    <ignored/>
  </testcase> <!-- verifytestusinginvalidcredentials -->
</testsuite> <!-- grouping -->
