<?xml version="1.0" encoding="UTF-8"?>
<!-- Generated by org.testng.reporters.JUnitXMLReporter -->
<testsuite ignored="0" hostname="DESKTOP-09FF6EP" failures="0" tests="4" name="Edge Test" time="12.77" errors="0" timestamp="2025-09-24T15:47:03 IST">
  <testcase classname="test.Logintest" name="verifylogintestvalidcredentials" time="0.0">
    <skipped/>
  </testcase> <!-- verifylogintestvalidcredentials -->
  <testcase classname="test.Logintest" name="verifytestcredentialsusinginvalidusername" time="0.0">
    <skipped/>
  </testcase> <!-- verifytestcredentialsusinginvalidusername -->
  <testcase classname="test.Logintest" name="verifytestcredentialsusinginvalidpassword" time="0.0">
    <skipped/>
  </testcase> <!-- verifytestcredentialsusinginvalidpassword -->
  <testcase classname="test.Logintest" name="verifytestusinginvalidcredentials" time="0.0">
    <skipped/>
  </testcase> <!-- verifytestusinginvalidcredentials -->
</testsuite> <!-- Edge Test -->
