<?xml version="1.0" encoding="UTF-8"?>
<!-- Generated by org.testng.reporters.JUnitXMLReporter -->
<testsuite ignored="0" hostname="DESKTOP-09FF6EP" failures="0" tests="4" name="Firefox Test" time="27.221" errors="0" timestamp="2025-09-24T15:47:17 IST">
  <testcase classname="test.Logintest" name="verifylogintestvalidcredentials" time="1.546"/>
  <testcase classname="test.Logintest" name="verifytestcredentialsusinginvalidusername" time="0.814"/>
  <testcase classname="test.Logintest" name="verifytestcredentialsusinginvalidpassword" time="0.558"/>
  <testcase classname="test.Logintest" name="verifytestusinginvalidcredentials" time="0.495"/>
</testsuite> <!-- Firefox Test -->
