<?xml version="1.0" encoding="UTF-8"?>
<!-- Generated by org.testng.reporters.JUnitXMLReporter -->
<testsuite ignored="0" hostname="DESKTOP-09FF6EP" failures="0" tests="10" name="Test" time="46.794" errors="0" timestamp="2025-09-24T18:05:53 IST">
  <testcase classname="test.Logintest" name="verifylogintestvalidcredentials" time="1.436"/>
  <testcase classname="test.Logintest" name="verifytestcredentialsusinginvalidusername" time="0.954"/>
  <testcase classname="test.Logintest" name="verifytestcredentialsusinginvalidpassword" time="0.902"/>
  <testcase classname="test.Logintest" name="verifytestusinginvalidcredentials" time="0.798"/>
  <testcase classname="test.Hometest" name="Verifyusercansuccessfullylogout" time="1.89"/>
  <testcase classname="test.Adminuserstest" name="verifyiftheuserisabletosearchfornewuser" time="4.247"/>
  <testcase classname="test.Adminuserstest" name="verifyiftheuserisabletoaddnewuser" time="4.608"/>
  <testcase classname="test.ManageNewsTest" name="verifySearchForNewNewsTitle" time="2.575"/>
  <testcase classname="test.ManageNewsTest" name="verifyWhetherUserIsAbleToAddNewNewsTitle" time="3.348"/>
  <testcase classname="test.ManageNewsTest" name="verifyResetButtonFunctionality" time="2.215"/>
</testsuite> <!-- Test -->
