<?xml version="1.0" encoding="UTF-8"?>
<testng-results retried="1" ignored="1" total="12" passed="10" failed="0" skipped="0">
  <reporter-output>
  </reporter-output>
  <suite started-at="2025-09-24T18:07:05 IST" name="Suite" finished-at="2025-09-24T18:08:01 IST" duration-ms="56484">
    <groups>
      <group name="regression">
        <method signature="Logintest.verifylogintestvalidcredentials()[pri:1, instance:test.Logintest@433defed]" name="verifylogintestvalidcredentials" class="test.Logintest"/>
        <method signature="ManageNewsTest.verifySearchForNewNewsTitle()[pri:1, instance:test.ManageNewsTest@17bffc17]" name="verifySearchForNewNewsTitle" class="test.ManageNewsTest"/>
        <method signature="Logintest.verifytestcredentialsusinginvalidusername()[pri:2, instance:test.Logintest@433defed]" name="verifytestcredentialsusinginvalidusername" class="test.Logintest"/>
        <method signature="ManageNewsTest.verifyResetButtonFunctionality(java.lang.String,java.lang.String)[pri:3, instance:test.ManageNewsTest@17bffc17]" name="verifyResetButtonFunctionality" class="test.ManageNewsTest"/>
      </group> <!-- regression -->
      <group name="smoke">
        <method signature="Hometest.Verifyusercansuccessfullylogout(java.lang.String,java.lang.String)[pri:1, instance:test.Hometest@3ad83a66]" name="Verifyusercansuccessfullylogout" class="test.Hometest"/>
        <method signature="Logintest.verifylogintestvalidcredentials()[pri:1, instance:test.Logintest@433defed]" name="verifylogintestvalidcredentials" class="test.Logintest"/>
        <method signature="ManageNewsTest.verifyWhetherUserIsAbleToAddNewNewsTitle()[pri:2, instance:test.ManageNewsTest@17bffc17]" name="verifyWhetherUserIsAbleToAddNewNewsTitle" class="test.ManageNewsTest"/>
        <method signature="Logintest.verifytestcredentialsusinginvalidpassword()[pri:3, instance:test.Logintest@433defed]" name="verifytestcredentialsusinginvalidpassword" class="test.Logintest"/>
      </group> <!-- smoke -->
      <group name="sanity">
        <method signature="ManageNewsTest.verifyResetButtonFunctionality(java.lang.String,java.lang.String)[pri:3, instance:test.ManageNewsTest@17bffc17]" name="verifyResetButtonFunctionality" class="test.ManageNewsTest"/>
      </group> <!-- sanity -->
    </groups>
    <test started-at="2025-09-24T18:07:05 IST" name="Test" finished-at="2025-09-24T18:08:01 IST" duration-ms="56484">
      <class name="test.Logintest">
        <test-method is-config="true" signature="initializebrowser(java.lang.String)[pri:0, instance:test.Logintest@433defed]" started-at="2025-09-24T18:07:05 IST" name="initializebrowser" finished-at="2025-09-24T18:07:07 IST" duration-ms="2716" status="PASS">
          <params>
            <param index="0">
              <value>
                <![CDATA[chrome]]>
              </value>
            </param>
          </params>
          <reporter-output>
          </reporter-output>
        </test-method> <!-- initializebrowser -->
        <test-method signature="verifylogintestvalidcredentials()[pri:1, instance:test.Logintest@433defed]" started-at="2025-09-24T18:07:07 IST" name="verifylogintestvalidcredentials" description="successful login using valid creds" finished-at="2025-09-24T18:07:09 IST" duration-ms="1553" status="PASS">
          <reporter-output>
          </reporter-output>
        </test-method> <!-- verifylogintestvalidcredentials -->
        <test-method is-config="true" signature="driverQuit(org.testng.ITestResult)[pri:0, instance:test.Logintest@433defed]" started-at="2025-09-24T18:07:09 IST" name="driverQuit" finished-at="2025-09-24T18:07:09 IST" duration-ms="306" status="PASS">
          <params>
            <param index="0">
              <value>
                <![CDATA[[TestResult name=verifylogintestvalidcredentials status=SUCCESS method=Logintest.verifylogintestvalidcredentials()[pri:1, instance:test.Logintest@433defed] output={null}]]]>
              </value>
            </param>
          </params>
          <reporter-output>
          </reporter-output>
        </test-method> <!-- driverQuit -->
        <test-method is-config="true" signature="initializebrowser(java.lang.String)[pri:0, instance:test.Logintest@433defed]" started-at="2025-09-24T18:07:09 IST" name="initializebrowser" finished-at="2025-09-24T18:07:11 IST" duration-ms="1879" status="PASS">
          <params>
            <param index="0">
              <value>
                <![CDATA[chrome]]>
              </value>
            </param>
          </params>
          <reporter-output>
          </reporter-output>
        </test-method> <!-- initializebrowser -->
        <test-method signature="verifytestcredentialsusinginvalidusername()[pri:2, instance:test.Logintest@433defed]" started-at="2025-09-24T18:07:11 IST" name="verifytestcredentialsusinginvalidusername" description="unsuccessful login using invalid username" finished-at="2025-09-24T18:07:12 IST" duration-ms="778" status="PASS">
          <reporter-output>
          </reporter-output>
        </test-method> <!-- verifytestcredentialsusinginvalidusername -->
        <test-method is-config="true" signature="driverQuit(org.testng.ITestResult)[pri:0, instance:test.Logintest@433defed]" started-at="2025-09-24T18:07:12 IST" name="driverQuit" finished-at="2025-09-24T18:07:12 IST" duration-ms="286" status="PASS">
          <params>
            <param index="0">
              <value>
                <![CDATA[[TestResult name=verifytestcredentialsusinginvalidusername status=SUCCESS method=Logintest.verifytestcredentialsusinginvalidusername()[pri:2, instance:test.Logintest@433defed] output={null}]]]>
              </value>
            </param>
          </params>
          <reporter-output>
          </reporter-output>
        </test-method> <!-- driverQuit -->
        <test-method is-config="true" signature="initializebrowser(java.lang.String)[pri:0, instance:test.Logintest@433defed]" started-at="2025-09-24T18:07:12 IST" name="initializebrowser" finished-at="2025-09-24T18:07:14 IST" duration-ms="1943" status="PASS">
          <params>
            <param index="0">
              <value>
                <![CDATA[chrome]]>
              </value>
            </param>
          </params>
          <reporter-output>
          </reporter-output>
        </test-method> <!-- initializebrowser -->
        <test-method signature="verifytestcredentialsusinginvalidpassword()[pri:3, instance:test.Logintest@433defed]" started-at="2025-09-24T18:07:14 IST" name="verifytestcredentialsusinginvalidpassword" description="unsuccessful login using invalid password" finished-at="2025-09-24T18:07:15 IST" duration-ms="837" status="PASS">
          <reporter-output>
          </reporter-output>
        </test-method> <!-- verifytestcredentialsusinginvalidpassword -->
        <test-method is-config="true" signature="driverQuit(org.testng.ITestResult)[pri:0, instance:test.Logintest@433defed]" started-at="2025-09-24T18:07:15 IST" name="driverQuit" finished-at="2025-09-24T18:07:15 IST" duration-ms="275" status="PASS">
          <params>
            <param index="0">
              <value>
                <![CDATA[[TestResult name=verifytestcredentialsusinginvalidpassword status=SUCCESS method=Logintest.verifytestcredentialsusinginvalidpassword()[pri:3, instance:test.Logintest@433defed] output={null}]]]>
              </value>
            </param>
          </params>
          <reporter-output>
          </reporter-output>
        </test-method> <!-- driverQuit -->
        <test-method is-config="true" signature="initializebrowser(java.lang.String)[pri:0, instance:test.Logintest@433defed]" started-at="2025-09-24T18:07:15 IST" name="initializebrowser" finished-at="2025-09-24T18:07:17 IST" duration-ms="2001" status="PASS">
          <params>
            <param index="0">
              <value>
                <![CDATA[chrome]]>
              </value>
            </param>
          </params>
          <reporter-output>
          </reporter-output>
        </test-method> <!-- initializebrowser -->
        <test-method signature="verifytestusinginvalidcredentials(java.lang.String,java.lang.String)[pri:4, instance:test.Logintest@433defed]" started-at="2025-09-24T18:07:17 IST" name="verifytestusinginvalidcredentials" description="unsuccessful login using invalid creds" data-provider="loginProvider" finished-at="2025-09-24T18:07:18 IST" duration-ms="856" status="PASS">
          <params>
            <param index="0">
              <value>
                <![CDATA[admin123]]>
              </value>
            </param>
            <param index="1">
              <value>
                <![CDATA[admin123]]>
              </value>
            </param>
          </params>
          <reporter-output>
          </reporter-output>
        </test-method> <!-- verifytestusinginvalidcredentials -->
        <test-method is-config="true" signature="driverQuit(org.testng.ITestResult)[pri:0, instance:test.Logintest@433defed]" started-at="2025-09-24T18:07:18 IST" name="driverQuit" finished-at="2025-09-24T18:07:19 IST" duration-ms="303" status="PASS">
          <params>
            <param index="0">
              <value>
                <![CDATA[[TestResult name=verifytestusinginvalidcredentials status=SUCCESS method=Logintest.verifytestusinginvalidcredentials(java.lang.String,java.lang.String)[pri:4, instance:test.Logintest@433defed] output={null}]]]>
              </value>
            </param>
          </params>
          <reporter-output>
          </reporter-output>
        </test-method> <!-- driverQuit -->
      </class> <!-- test.Logintest -->
      <class name="test.Adminuserstest">
        <test-method is-config="true" signature="initializebrowser(java.lang.String)[pri:0, instance:test.Adminuserstest@3cce5371]" started-at="2025-09-24T18:07:23 IST" name="initializebrowser" finished-at="2025-09-24T18:07:25 IST" duration-ms="2120" status="PASS">
          <params>
            <param index="0">
              <value>
                <![CDATA[chrome]]>
              </value>
            </param>
          </params>
          <reporter-output>
          </reporter-output>
        </test-method> <!-- initializebrowser -->
        <test-method signature="verifyiftheuserisabletosearchfornewuser()[pri:1, instance:test.Adminuserstest@3cce5371]" started-at="2025-09-24T18:07:25 IST" name="verifyiftheuserisabletosearchfornewuser" description="searchforanewuserafteradding" finished-at="2025-09-24T18:07:30 IST" duration-ms="4949" status="PASS">
          <reporter-output>
          </reporter-output>
        </test-method> <!-- verifyiftheuserisabletosearchfornewuser -->
        <test-method is-config="true" signature="driverQuit(org.testng.ITestResult)[pri:0, instance:test.Adminuserstest@3cce5371]" started-at="2025-09-24T18:07:30 IST" name="driverQuit" finished-at="2025-09-24T18:07:30 IST" duration-ms="284" status="PASS">
          <params>
            <param index="0">
              <value>
                <![CDATA[[TestResult name=verifyiftheuserisabletosearchfornewuser status=SUCCESS method=Adminuserstest.verifyiftheuserisabletosearchfornewuser()[pri:1, instance:test.Adminuserstest@3cce5371] output={null}]]]>
              </value>
            </param>
          </params>
          <reporter-output>
          </reporter-output>
        </test-method> <!-- driverQuit -->
        <test-method is-config="true" signature="initializebrowser(java.lang.String)[pri:0, instance:test.Adminuserstest@3cce5371]" started-at="2025-09-24T18:07:30 IST" name="initializebrowser" finished-at="2025-09-24T18:07:32 IST" duration-ms="1885" status="PASS">
          <params>
            <param index="0">
              <value>
                <![CDATA[chrome]]>
              </value>
            </param>
          </params>
          <reporter-output>
          </reporter-output>
        </test-method> <!-- initializebrowser -->
        <test-method retried="true" signature="verifyiftheuserisabletoaddnewuser()[pri:2, instance:test.Adminuserstest@3cce5371]" started-at="2025-09-24T18:07:32 IST" name="verifyiftheuserisabletoaddnewuser" description="To add a new user" finished-at="2025-09-24T18:07:37 IST" duration-ms="4725" status="SKIP">
          <exception class="org.openqa.selenium.StaleElementReferenceException">
            <message>
              <![CDATA[stale element reference: stale element not found
  (Session info: chrome=140.0.7339.129)
For documentation on this error, please visit: https://www.selenium.dev/documentation/webdriver/troubleshooting/errors#stale-element-reference-exception
Build info: version: '4.34.0', revision: '707dcb4246*'
System info: os.name: 'Windows 11', os.arch: 'amd64', os.version: '10.0', java.version: '21.0.7'
Driver info: org.openqa.selenium.chrome.ChromeDriver
Command: [c85293d26ffa25669b32b7514887c1de, isElementDisplayed {id=f.E2C26834EFC8FF87B86975D93E335FEA.d.847B1305ED19BE619D65E786BC948524.e.54}]
Capabilities {acceptInsecureCerts: false, browserName: chrome, browserVersion: 140.0.7339.129, chrome: {chromedriverVersion: 140.0.7339.207 (17230b545fd..., userDataDir: C:\Users\venki\AppData\Loca...}, fedcm:accounts: true, goog:chromeOptions: {debuggerAddress: localhost:53171}, networkConnectionEnabled: false, pageLoadStrategy: normal, platformName: windows, proxy: Proxy(), se:cdp: ws://localhost:53171/devtoo..., se:cdpVersion: 140.0.7339.129, setWindowRect: true, strictFileInteractability: false, timeouts: {implicit: 0, pageLoad: 300000, script: 30000}, unhandledPromptBehavior: dismiss and notify, webauthn:extension:credBlob: true, webauthn:extension:largeBlob: true, webauthn:extension:minPinLength: true, webauthn:extension:prf: true, webauthn:virtualAuthenticators: true}
Element: [[ChromeDriver: chrome on windows (c85293d26ffa25669b32b7514887c1de)] -> xpath: //table[contains(@class,'table-bordered')]//tbody/tr[1]/td[3]]
Session ID: c85293d26ffa25669b32b7514887c1de]]>
            </message>
            <full-stacktrace>
              <![CDATA[org.openqa.selenium.StaleElementReferenceException: stale element reference: stale element not found
  (Session info: chrome=140.0.7339.129)
For documentation on this error, please visit: https://www.selenium.dev/documentation/webdriver/troubleshooting/errors#stale-element-reference-exception
Build info: version: '4.34.0', revision: '707dcb4246*'
System info: os.name: 'Windows 11', os.arch: 'amd64', os.version: '10.0', java.version: '21.0.7'
Driver info: org.openqa.selenium.chrome.ChromeDriver
Command: [c85293d26ffa25669b32b7514887c1de, isElementDisplayed {id=f.E2C26834EFC8FF87B86975D93E335FEA.d.847B1305ED19BE619D65E786BC948524.e.54}]
Capabilities {acceptInsecureCerts: false, browserName: chrome, browserVersion: 140.0.7339.129, chrome: {chromedriverVersion: 140.0.7339.207 (17230b545fd..., userDataDir: C:\Users\venki\AppData\Loca...}, fedcm:accounts: true, goog:chromeOptions: {debuggerAddress: localhost:53171}, networkConnectionEnabled: false, pageLoadStrategy: normal, platformName: windows, proxy: Proxy(), se:cdp: ws://localhost:53171/devtoo..., se:cdpVersion: 140.0.7339.129, setWindowRect: true, strictFileInteractability: false, timeouts: {implicit: 0, pageLoad: 300000, script: 30000}, unhandledPromptBehavior: dismiss and notify, webauthn:extension:credBlob: true, webauthn:extension:largeBlob: true, webauthn:extension:minPinLength: true, webauthn:extension:prf: true, webauthn:virtualAuthenticators: true}
Element: [[ChromeDriver: chrome on windows (c85293d26ffa25669b32b7514887c1de)] -> xpath: //table[contains(@class,'table-bordered')]//tbody/tr[1]/td[3]]
Session ID: c85293d26ffa25669b32b7514887c1de
at java.base/jdk.internal.reflect.DirectConstructorHandleAccessor.newInstance(DirectConstructorHandleAccessor.java:62)
at java.base/java.lang.reflect.Constructor.newInstanceWithCaller(Constructor.java:502)
at java.base/java.lang.reflect.Constructor.newInstance(Constructor.java:486)
at org.openqa.selenium.remote.ErrorCodec.decode(ErrorCodec.java:167)
at org.openqa.selenium.remote.codec.w3c.W3CHttpResponseCodec.decode(W3CHttpResponseCodec.java:138)
at org.openqa.selenium.remote.codec.w3c.W3CHttpResponseCodec.decode(W3CHttpResponseCodec.java:50)
at org.openqa.selenium.remote.HttpCommandExecutor.execute(HttpCommandExecutor.java:215)
at org.openqa.selenium.remote.service.DriverCommandExecutor.invokeExecute(DriverCommandExecutor.java:216)
at org.openqa.selenium.remote.service.DriverCommandExecutor.execute(DriverCommandExecutor.java:174)
at org.openqa.selenium.remote.RemoteWebDriver.execute(RemoteWebDriver.java:544)
at org.openqa.selenium.remote.RemoteWebElement.execute(RemoteWebElement.java:223)
at org.openqa.selenium.remote.RemoteWebElement.isDisplayed(RemoteWebElement.java:282)
at java.base/jdk.internal.reflect.DirectMethodHandleAccessor.invoke(DirectMethodHandleAccessor.java:103)
at java.base/java.lang.reflect.Method.invoke(Method.java:580)
at org.openqa.selenium.support.pagefactory.internal.LocatingElementHandler.invoke(LocatingElementHandler.java:51)
at jdk.proxy2/jdk.proxy2.$Proxy13.isDisplayed(Unknown Source)
at page.Adminuserspage.isstatusdisplayed(Adminuserspage.java:126)
at test.Adminuserstest.verifyiftheuserisabletoaddnewuser(Adminuserstest.java:41)
at java.base/jdk.internal.reflect.DirectMethodHandleAccessor.invoke(DirectMethodHandleAccessor.java:103)
at java.base/java.lang.reflect.Method.invoke(Method.java:580)
at org.testng.internal.invokers.MethodInvocationHelper.invokeMethod(MethodInvocationHelper.java:141)
at org.testng.internal.invokers.TestInvoker.invokeMethod(TestInvoker.java:686)
at org.testng.internal.invokers.TestInvoker.invokeTestMethod(TestInvoker.java:230)
at org.testng.internal.invokers.MethodRunner.runInSequence(MethodRunner.java:63)
at org.testng.internal.invokers.TestInvoker$MethodInvocationAgent.invoke(TestInvoker.java:992)
at org.testng.internal.invokers.TestInvoker.invokeTestMethods(TestInvoker.java:203)
at org.testng.internal.invokers.TestMethodWorker.invokeTestMethods(TestMethodWorker.java:154)
at org.testng.internal.invokers.TestMethodWorker.run(TestMethodWorker.java:134)
at java.base/java.util.ArrayList.forEach(ArrayList.java:1596)
at org.testng.TestRunner.privateRun(TestRunner.java:739)
at org.testng.TestRunner.run(TestRunner.java:614)
at org.testng.SuiteRunner.runTest(SuiteRunner.java:421)
at org.testng.SuiteRunner.runSequentially(SuiteRunner.java:413)
at org.testng.SuiteRunner.privateRun(SuiteRunner.java:373)
at org.testng.SuiteRunner.run(SuiteRunner.java:312)
at org.testng.SuiteRunnerWorker.runSuite(SuiteRunnerWorker.java:52)
at org.testng.SuiteRunnerWorker.run(SuiteRunnerWorker.java:95)
at org.testng.TestNG.runSuitesSequentially(TestNG.java:1274)
at org.testng.TestNG.runSuitesLocally(TestNG.java:1208)
at org.testng.TestNG.runSuites(TestNG.java:1112)
at org.testng.TestNG.run(TestNG.java:1079)
at org.apache.maven.surefire.testng.TestNGExecutor.run(TestNGExecutor.java:308)
at org.apache.maven.surefire.testng.TestNGXmlTestSuite.execute(TestNGXmlTestSuite.java:71)
at org.apache.maven.surefire.testng.TestNGProvider.invoke(TestNGProvider.java:113)
at org.apache.maven.surefire.booter.ForkedBooter.runSuitesInProcess(ForkedBooter.java:385)
at org.apache.maven.surefire.booter.ForkedBooter.execute(ForkedBooter.java:162)
at org.apache.maven.surefire.booter.ForkedBooter.run(ForkedBooter.java:507)
at org.apache.maven.surefire.booter.ForkedBooter.main(ForkedBooter.java:495)
]]>
            </full-stacktrace>
          </exception> <!-- org.openqa.selenium.StaleElementReferenceException -->
          <reporter-output>
          </reporter-output>
        </test-method> <!-- verifyiftheuserisabletoaddnewuser -->
        <test-method is-config="true" signature="driverQuit(org.testng.ITestResult)[pri:0, instance:test.Adminuserstest@3cce5371]" started-at="2025-09-24T18:07:37 IST" name="driverQuit" finished-at="2025-09-24T18:07:37 IST" duration-ms="295" status="PASS">
          <params>
            <param index="0">
              <value>
                <![CDATA[[TestResult name=verifyiftheuserisabletoaddnewuser status=SKIP method=Adminuserstest.verifyiftheuserisabletoaddnewuser()[pri:2, instance:test.Adminuserstest@3cce5371] output={null}]]]>
              </value>
            </param>
          </params>
          <reporter-output>
          </reporter-output>
        </test-method> <!-- driverQuit -->
        <test-method is-config="true" signature="initializebrowser(java.lang.String)[pri:0, instance:test.Adminuserstest@3cce5371]" started-at="2025-09-24T18:07:37 IST" name="initializebrowser" finished-at="2025-09-24T18:07:39 IST" duration-ms="1955" status="PASS">
          <params>
            <param index="0">
              <value>
                <![CDATA[chrome]]>
              </value>
            </param>
          </params>
          <reporter-output>
          </reporter-output>
        </test-method> <!-- initializebrowser -->
        <test-method signature="verifyiftheuserisabletoaddnewuser()[pri:2, instance:test.Adminuserstest@3cce5371]" started-at="2025-09-24T18:07:39 IST" name="verifyiftheuserisabletoaddnewuser" description="To add a new user" finished-at="2025-09-24T18:07:45 IST" duration-ms="5873" status="PASS">
          <reporter-output>
          </reporter-output>
        </test-method> <!-- verifyiftheuserisabletoaddnewuser -->
        <test-method is-config="true" signature="driverQuit(org.testng.ITestResult)[pri:0, instance:test.Adminuserstest@3cce5371]" started-at="2025-09-24T18:07:45 IST" name="driverQuit" finished-at="2025-09-24T18:07:45 IST" duration-ms="286" status="PASS">
          <params>
            <param index="0">
              <value>
                <![CDATA[[TestResult name=verifyiftheuserisabletoaddnewuser status=SUCCESS method=Adminuserstest.verifyiftheuserisabletoaddnewuser()[pri:2, instance:test.Adminuserstest@3cce5371] output={null}]]]>
              </value>
            </param>
          </params>
          <reporter-output>
          </reporter-output>
        </test-method> <!-- driverQuit -->
      </class> <!-- test.Adminuserstest -->
      <class name="test.ManageNewsTest">
        <test-method is-config="true" signature="initializebrowser(java.lang.String)[pri:0, instance:test.ManageNewsTest@17bffc17]" started-at="2025-09-24T18:07:45 IST" name="initializebrowser" finished-at="2025-09-24T18:07:47 IST" duration-ms="1871" status="PASS">
          <params>
            <param index="0">
              <value>
                <![CDATA[chrome]]>
              </value>
            </param>
          </params>
          <reporter-output>
          </reporter-output>
        </test-method> <!-- initializebrowser -->
        <test-method signature="verifySearchForNewNewsTitle()[pri:1, instance:test.ManageNewsTest@17bffc17]" started-at="2025-09-24T18:07:47 IST" name="verifySearchForNewNewsTitle" description="user able to search new news title" finished-at="2025-09-24T18:07:50 IST" duration-ms="2695" status="PASS">
          <reporter-output>
          </reporter-output>
        </test-method> <!-- verifySearchForNewNewsTitle -->
        <test-method is-config="true" signature="driverQuit(org.testng.ITestResult)[pri:0, instance:test.ManageNewsTest@17bffc17]" started-at="2025-09-24T18:07:50 IST" name="driverQuit" finished-at="2025-09-24T18:07:50 IST" duration-ms="277" status="PASS">
          <params>
            <param index="0">
              <value>
                <![CDATA[[TestResult name=verifySearchForNewNewsTitle status=SUCCESS method=ManageNewsTest.verifySearchForNewNewsTitle()[pri:1, instance:test.ManageNewsTest@17bffc17] output={null}]]]>
              </value>
            </param>
          </params>
          <reporter-output>
          </reporter-output>
        </test-method> <!-- driverQuit -->
        <test-method is-config="true" signature="initializebrowser(java.lang.String)[pri:0, instance:test.ManageNewsTest@17bffc17]" started-at="2025-09-24T18:07:50 IST" name="initializebrowser" finished-at="2025-09-24T18:07:52 IST" duration-ms="2047" status="PASS">
          <params>
            <param index="0">
              <value>
                <![CDATA[chrome]]>
              </value>
            </param>
          </params>
          <reporter-output>
          </reporter-output>
        </test-method> <!-- initializebrowser -->
        <test-method signature="verifyWhetherUserIsAbleToAddNewNewsTitle()[pri:2, instance:test.ManageNewsTest@17bffc17]" started-at="2025-09-24T18:07:52 IST" name="verifyWhetherUserIsAbleToAddNewNewsTitle" description="user able to add new news title" finished-at="2025-09-24T18:07:56 IST" duration-ms="3398" status="PASS">
          <reporter-output>
          </reporter-output>
        </test-method> <!-- verifyWhetherUserIsAbleToAddNewNewsTitle -->
        <test-method is-config="true" signature="driverQuit(org.testng.ITestResult)[pri:0, instance:test.ManageNewsTest@17bffc17]" started-at="2025-09-24T18:07:56 IST" name="driverQuit" finished-at="2025-09-24T18:07:56 IST" duration-ms="300" status="PASS">
          <params>
            <param index="0">
              <value>
                <![CDATA[[TestResult name=verifyWhetherUserIsAbleToAddNewNewsTitle status=SUCCESS method=ManageNewsTest.verifyWhetherUserIsAbleToAddNewNewsTitle()[pri:2, instance:test.ManageNewsTest@17bffc17] output={null}]]]>
              </value>
            </param>
          </params>
          <reporter-output>
          </reporter-output>
        </test-method> <!-- driverQuit -->
        <test-method is-config="true" signature="initializebrowser(java.lang.String)[pri:0, instance:test.ManageNewsTest@17bffc17]" started-at="2025-09-24T18:07:56 IST" name="initializebrowser" finished-at="2025-09-24T18:07:58 IST" duration-ms="2113" status="PASS">
          <params>
            <param index="0">
              <value>
                <![CDATA[chrome]]>
              </value>
            </param>
          </params>
          <reporter-output>
          </reporter-output>
        </test-method> <!-- initializebrowser -->
        <test-method signature="verifyResetButtonFunctionality(java.lang.String,java.lang.String)[pri:3, instance:test.ManageNewsTest@17bffc17]" started-at="2025-09-24T18:07:58 IST" name="verifyResetButtonFunctionality" description="user able to reset new news title" data-provider="loginProvider" finished-at="2025-09-24T18:08:01 IST" duration-ms="2850" status="PASS">
          <params>
            <param index="0">
              <value>
                <![CDATA[admin]]>
              </value>
            </param>
            <param index="1">
              <value>
                <![CDATA[admin]]>
              </value>
            </param>
          </params>
          <reporter-output>
          </reporter-output>
        </test-method> <!-- verifyResetButtonFunctionality -->
        <test-method is-config="true" signature="driverQuit(org.testng.ITestResult)[pri:0, instance:test.ManageNewsTest@17bffc17]" started-at="2025-09-24T18:08:01 IST" name="driverQuit" finished-at="2025-09-24T18:08:01 IST" duration-ms="311" status="PASS">
          <params>
            <param index="0">
              <value>
                <![CDATA[[TestResult name=verifyResetButtonFunctionality status=SUCCESS method=ManageNewsTest.verifyResetButtonFunctionality(java.lang.String,java.lang.String)[pri:3, instance:test.ManageNewsTest@17bffc17] output={null}]]]>
              </value>
            </param>
          </params>
          <reporter-output>
          </reporter-output>
        </test-method> <!-- driverQuit -->
      </class> <!-- test.ManageNewsTest -->
      <class name="test.Hometest">
        <test-method is-config="true" signature="initializebrowser(java.lang.String)[pri:0, instance:test.Hometest@3ad83a66]" started-at="2025-09-24T18:07:19 IST" name="initializebrowser" finished-at="2025-09-24T18:07:21 IST" duration-ms="2122" status="PASS">
          <params>
            <param index="0">
              <value>
                <![CDATA[chrome]]>
              </value>
            </param>
          </params>
          <reporter-output>
          </reporter-output>
        </test-method> <!-- initializebrowser -->
        <test-method signature="Verifyusercansuccessfullylogout(java.lang.String,java.lang.String)[pri:1, instance:test.Hometest@3ad83a66]" started-at="2025-09-24T18:07:21 IST" name="Verifyusercansuccessfullylogout" description="user logged out successfully" data-provider="loginProvider" finished-at="2025-09-24T18:07:23 IST" duration-ms="1988" status="PASS">
          <params>
            <param index="0">
              <value>
                <![CDATA[admin]]>
              </value>
            </param>
            <param index="1">
              <value>
                <![CDATA[admin]]>
              </value>
            </param>
          </params>
          <reporter-output>
          </reporter-output>
        </test-method> <!-- Verifyusercansuccessfullylogout -->
        <test-method is-config="true" signature="driverQuit(org.testng.ITestResult)[pri:0, instance:test.Hometest@3ad83a66]" started-at="2025-09-24T18:07:23 IST" name="driverQuit" finished-at="2025-09-24T18:07:23 IST" duration-ms="299" status="PASS">
          <params>
            <param index="0">
              <value>
                <![CDATA[[TestResult name=Verifyusercansuccessfullylogout status=SUCCESS method=Hometest.Verifyusercansuccessfullylogout(java.lang.String,java.lang.String)[pri:1, instance:test.Hometest@3ad83a66] output={null}]]]>
              </value>
            </param>
          </params>
          <reporter-output>
          </reporter-output>
        </test-method> <!-- driverQuit -->
      </class> <!-- test.Hometest -->
    </test> <!-- Test -->
  </suite> <!-- Suite -->
</testng-results>
