<?xml version="1.0" encoding="UTF-8"?>
<!-- Generated by org.testng.reporters.JUnitXMLReporter -->
<testsuite ignored="0" hostname="DESKTOP-09FF6EP" failures="0" tests="11" name="Test" time="56.484" errors="0" timestamp="2025-09-24T18:08:02 IST">
  <testcase classname="test.Logintest" name="verifylogintestvalidcredentials" time="1.553"/>
  <testcase classname="test.Logintest" name="verifytestcredentialsusinginvalidusername" time="0.778"/>
  <testcase classname="test.Logintest" name="verifytestcredentialsusinginvalidpassword" time="0.837"/>
  <testcase classname="test.Logintest" name="verifytestusinginvalidcredentials" time="0.856"/>
  <testcase classname="test.Hometest" name="Verifyusercansuccessfullylogout" time="1.988"/>
  <testcase classname="test.Adminuserstest" name="verifyiftheuserisabletosearchfornewuser" time="4.949"/>
  <testcase classname="test.Adminuserstest" name="verifyiftheuserisabletoaddnewuser" time="4.725">
    <skipped/>
  </testcase> <!-- verifyiftheuserisabletoaddnewuser -->
  <testcase classname="test.Adminuserstest" name="verifyiftheuserisabletoaddnewuser" time="5.873"/>
  <testcase classname="test.ManageNewsTest" name="verifySearchForNewNewsTitle" time="2.695"/>
  <testcase classname="test.ManageNewsTest" name="verifyWhetherUserIsAbleToAddNewNewsTitle" time="3.398"/>
  <testcase classname="test.ManageNewsTest" name="verifyResetButtonFunctionality" time="2.85"/>
</testsuite> <!-- Test -->
